2023-11-08T11:18:20.075+0500	ERROR	db/postgres.go:42	GetPostgresConnection -> Open error: %!(EXTRA string=failed to connect to `host=localhost user=db database=app`: failed SASL auth (ВАЖНО: пользователь "db" не прошёл проверку подлинности (по паролю) (SQLSTATE 28P01)))
2023-11-08T11:18:20.077+0500	INFO	router/router.go:43	Application started
2023-11-08T11:19:49.932+0500	INFO	router/router.go:48	Application stopped
2023-11-08T11:19:54.892+0500	ERROR	db/postgres.go:42	GetPostgresConnection -> Open error: %!(EXTRA string=failed to connect to `host=localhost user=db database=app`: server error (ВАЖНО: пользователь "db" не прошёл проверку подлинности (по паролю) (SQLSTATE 28P01)))
2023-11-08T11:19:54.893+0500	INFO	router/router.go:43	Application started
2023-11-08T11:20:13.949+0500	INFO	router/router.go:48	Application stopped
2023-11-08T11:20:19.017+0500	INFO	db/postgres.go:47	Postgres connection success: %!(EXTRA string=localhost)
2023-11-08T11:20:19.019+0500	INFO	router/router.go:43	Application started
2023-11-08T11:24:37.060+0500	INFO	router/router.go:48	Application stopped
2023-11-10T14:12:18.431+0500	INFO	db/postgres.go:47	Postgres connection success: %!(EXTRA string=localhost)
2023-11-10T14:12:18.433+0500	INFO	router/router.go:43	Application started
2023-11-10T14:13:41.143+0500	INFO	router/router.go:48	Application stopped
2023-11-10T14:13:52.213+0500	INFO	db/postgres.go:47	Postgres connection success: %!(EXTRA string=localhost)
2023-11-10T14:13:52.216+0500	INFO	router/router.go:43	Application started
2023-11-10T14:15:56.145+0500	INFO	handlers/getLanguage.go:19	language: %!(EXTRA []models.Language=[{1 RU } {2 TJ } {3 ENG }])
2023-11-10T14:16:40.262+0500	INFO	router/router.go:48	Application stopped
2023-11-10T14:16:48.310+0500	INFO	db/postgres.go:47	Postgres connection success: %!(EXTRA string=localhost)
2023-11-10T14:16:48.311+0500	INFO	router/router.go:43	Application started
2023-11-10T14:16:51.630+0500	INFO	handlers/getLanguage.go:19	language: %!(EXTRA []models.Language=[{1 RU Р СѓСЃСЃРєРёР№ РЇР·С‹Рє} {2 TJ Р—Р°Р±РѕРЅРё РўРѕТ·РёРєУЈ} {3 ENG English Language}])
2023-11-10T14:18:19.269+0500	INFO	router/router.go:48	Application stopped
2023-11-10T14:18:27.266+0500	INFO	db/postgres.go:47	Postgres connection success: %!(EXTRA string=localhost)
2023-11-10T14:18:27.268+0500	INFO	router/router.go:44	Application started
2023-11-10T14:19:02.904+0500	INFO	handlers/getCourse.go:19	language: %!(EXTRA []models.Language=[{1 RU Р СѓСЃСЃРєРёР№ РЇР·С‹Рє} {2 TJ Р—Р°Р±РѕРЅРё РўРѕТ·РёРєУЈ} {3 ENG English Language}])
2023-11-10T14:21:47.612+0500	INFO	router/router.go:49	Application stopped
2023-11-10T14:21:54.312+0500	INFO	db/postgres.go:47	Postgres connection success: %!(EXTRA string=localhost)
2023-11-10T14:21:54.313+0500	INFO	router/router.go:44	Application started
2023-11-10T14:22:31.166+0500	ERROR	handlers/getCourse.go:14	request%!(EXTRA models.ErrorResponse={"errorCode":0,"errorDescription":"json: cannot unmarshal object into Go value of type int64"})
2023-11-10T14:22:43.875+0500	ERROR	handlers/getCourse.go:14	request%!(EXTRA models.ErrorResponse={"errorCode":0,"errorDescription":"json: cannot unmarshal object into Go value of type int64"})
2023-11-10T14:23:42.165+0500	INFO	router/router.go:49	Application stopped
2023-11-10T14:24:54.178+0500	INFO	db/postgres.go:47	Postgres connection success: %!(EXTRA string=localhost)
2023-11-10T14:24:54.180+0500	INFO	router/router.go:44	Application started
2023-11-10T14:24:56.791+0500	INFO	handlers/getCourse.go:32	course: %!(EXTRA []*models.GetCourse=[0xc00032a3f0 0xc00032a480])
